<?xml version="1.0" encoding="UTF-8"?>
<testsuite xmlns:xsi="http://www.w3.org/2001/XMLSchema-instance" xsi:noNamespaceSchemaLocation="https://maven.apache.org/surefire/maven-surefire-plugin/xsd/surefire-test-report.xsd" version="3.0.2" name="assig2.AppTest" time="0.093" tests="5" errors="0" skipped="0" failures="0">
  <properties>
[...]
</properties>
  <testcase name="TP3_childrenUnder18" classname="assig2.AppTest" time="0.016">
    <system-out><![CDATA[Calculator2 initialized
Computing tax....
Income: 50000.0
Exemption: 10000.0
To pay: 0.0
Final tax: 0.0
]]></system-out>
  </testcase>
  <testcase name="TP4_mixedAges" classname="assig2.AppTest" time="0.013">
    <system-out><![CDATA[Calculator2 initialized
Computing tax....
Income: 50000.0
Exemption: 10000.0
To pay: 0.0
Final tax: 0.0
]]></system-out>
  </testcase>
  <testcase name="TP1_noChildren" classname="assig2.AppTest" time="0.004">
    <system-out><![CDATA[Calculator2 initialized
Computing tax....
Income: 50000.0
Exemption: 0.0
To pay: 10000.0
Final tax: 10000.0
]]></system-out>
  </testcase>
  <testcase name="TP2_childrenAbove18" classname="assig2.AppTest" time="0.002">
    <system-out><![CDATA[Calculator2 initialized
Computing tax....
Income: 50000.0
Exemption: 0.0
To pay: 10000.0
Final tax: 10000.0
]]></system-out>
  </testcase>
  <testcase name="TP5_highIncome" classname="assig2.AppTest" time="0.001">
    <system-out><![CDATA[Calculator2 initialized
Computing tax....
Income: 120000.0
Exemption: 10000.0
To pay: 26000.0
Final tax: 26000.0
]]></system-out>
  </testcase>
</testsuite>